=> 0123 [0] 0 0
=========================
guess: 0123; b c: 0 1
=> 4230 [180, 500, 280, 220, 200, 60] 210.0 1440
=> 2431 [180, 500, 280, 220, 200, 60] 210.0 1440
=> 4150 [144, 444, 360, 72, 132, 180, 52, 36, 16, 4] 102.0 1440
=> 4516 [54, 378, 369, 91, 6, 126, 222, 83, 6, 57, 31, 5, 11, 1] 55.5 1440
=> 4105 [144, 444, 360, 72, 132, 180, 52, 36, 16, 4] 102.0 1440
=> 2045 [144, 420, 312, 60, 156, 204, 56, 60, 20, 8] 102.0 1440
=> 3452 [144, 420, 312, 60, 156, 204, 56, 60, 20, 8] 102.0 1440
=> 4350 [144, 420, 312, 60, 156, 204, 56, 60, 20, 8] 102.0 1440
=> 0456 [54, 378, 405, 123, 9, 126, 198, 75, 6, 45, 15, 3, 3] 54 1440
=> 2405 [144, 408, 320, 64, 168, 192, 56, 64, 16, 8] 104.0 1440
=> 3045 [144, 420, 312, 60, 156, 204, 56, 60, 20, 8] 102.0 1440
=> 0345 [144, 444, 360, 72, 132, 180, 52, 36, 16, 4] 102.0 1440
=> 3405 [144, 420, 312, 60, 156, 204, 56, 60, 20, 8] 102.0 1440
=> 3145 [144, 444, 360, 72, 132, 180, 52, 36, 16, 4] 102.0 1440
=> 4015 [144, 420, 312, 60, 156, 204, 56, 60, 20, 8] 102.0 1440
=> 4520 [144, 444, 360, 72, 132, 180, 52, 36, 16, 4] 102.0 1440
=> 4051 [144, 420, 312, 60, 156, 204, 56, 60, 20, 8] 102.0 1440
=> 1045 [144, 408, 320, 64, 168, 192, 56, 64, 16, 8] 104.0 1440
=> 4305 [144, 432, 304, 56, 144, 216, 56, 56, 24, 8] 100.0 1440
=> 4053 [144, 444, 360, 72, 132, 180, 52, 36, 16, 4] 102.0 1440
=> 4253 [144, 444, 360, 72, 132, 180, 52, 36, 16, 4] 102.0 1440
=> 1450 [144, 420, 312, 60, 156, 204, 56, 60, 20, 8] 102.0 1440
=> 4513 [144, 444, 360, 72, 132, 180, 52, 36, 16, 4] 102.0 1440
=> 4567 [216, 504, 132, 72, 288, 108, 72, 36, 12] 108 1440
=> 2145 [144, 444, 360, 72, 132, 180, 52, 36, 16, 4] 102.0 1440
=> 2415 [144, 420, 312, 60, 156, 204, 56, 60, 20, 8] 102.0 1440
=> 3456 [54, 378, 369, 91, 6, 126, 222, 83, 6, 57, 31, 5, 11, 1] 55.5 1440
=> 4531 [144, 420, 312, 60, 156, 204, 56, 60, 20, 8] 102.0 1440
=> 4503 [144, 444, 360, 72, 132, 180, 52, 36, 16, 4] 102.0 1440
=> 4052 [144, 432, 304, 56, 144, 216, 56, 56, 24, 8] 100.0 1440
=> 4526 [54, 378, 405, 123, 9, 126, 198, 75, 6, 45, 15, 3, 3] 54 1440
=> 1453 [144, 444, 360, 72, 132, 180, 52, 36, 16, 4] 102.0 1440
=> 0452 [144, 444, 360, 72, 132, 180, 52, 36, 16, 4] 102.0 1440
=> 0145 [144, 456, 416, 88, 120, 144, 48, 16, 8] 120 1440
=> 4156 [54, 378, 405, 123, 9, 126, 198, 75, 6, 45, 15, 3, 3] 54 1440
=> 4536 [54, 378, 369, 91, 6, 126, 222, 83, 6, 57, 31, 5, 11, 1] 55.5 1440
=> 4250 [144, 432, 304, 56, 144, 216, 56, 56, 24, 8] 100.0 1440
=> 4135 [144, 444, 360, 72, 132, 180, 52, 36, 16, 4] 102.0 1440
=> 1456 [54, 378, 369, 91, 6, 126, 222, 83, 6, 57, 31, 5, 11, 1] 55.5 1440
=> 4352 [144, 420, 312, 60, 156, 204, 56, 60, 20, 8] 102.0 1440
=> 3425 [144, 444, 360, 72, 132, 180, 52, 36, 16, 4] 102.0 1440
=> 4510 [144, 432, 304, 56, 144, 216, 56, 56, 24, 8] 100.0 1440
=> 0435 [144, 444, 360, 72, 132, 180, 52, 36, 16, 4] 102.0 1440
=> 2345 [144, 432, 304, 56, 144, 216, 56, 56, 24, 8] 100.0 1440
=> 4325 [144, 444, 360, 72, 132, 180, 52, 36, 16, 4] 102.0 1440
=> 0245 [144, 444, 360, 72, 132, 180, 52, 36, 16, 4] 102.0 1440
=> 0425 [144, 456, 416, 88, 120, 144, 48, 16, 8] 120 1440
=> 4356 [54, 378, 369, 91, 6, 126, 222, 83, 6, 57, 31, 5, 11, 1] 55.5 1440
=> 0415 [144, 444, 360, 72, 132, 180, 52, 36, 16, 4] 102.0 1440
=> 4512 [144, 420, 312, 60, 156, 204, 56, 60, 20, 8] 102.0 1440
=> 4530 [144, 420, 312, 60, 156, 204, 56, 60, 20, 8] 102.0 1440
=> 4561 [54, 378, 369, 91, 6, 126, 222, 83, 6, 57, 31, 5, 11, 1] 55.5 1440
=> 0451 [144, 444, 360, 72, 132, 180, 52, 36, 16, 4] 102.0 1440
=> 4035 [144, 432, 304, 56, 144, 216, 56, 56, 24, 8] 100.0 1440
=> 2456 [54, 378, 369, 91, 6, 126, 222, 83, 6, 57, 31, 5, 11, 1] 55.5 1440
=> 4025 [144, 444, 360, 72, 132, 180, 52, 36, 16, 4] 102.0 1440
=> 4501 [144, 432, 304, 56, 144, 216, 56, 56, 24, 8] 100.0 1440
=> 4235 [144, 420, 312, 60, 156, 204, 56, 60, 20, 8] 102.0 1440
=> 2435 [144, 420, 312, 60, 156, 204, 56, 60, 20, 8] 102.0 1440
=> 4560 [54, 378, 369, 91, 6, 126, 222, 83, 6, 57, 31, 5, 11, 1] 55.5 1440
=> 4205 [144, 420, 312, 60, 156, 204, 56, 60, 20, 8] 102.0 1440
=> 4251 [144, 420, 312, 60, 156, 204, 56, 60, 20, 8] 102.0 1440
=> 3245 [144, 432, 304, 56, 144, 216, 56, 56, 24, 8] 100.0 1440
=> 4351 [144, 408, 320, 64, 168, 192, 56, 64, 16, 8] 104.0 1440
=> 0453 [144, 456, 416, 88, 120, 144, 48, 16, 8] 120 1440
=> 4153 [144, 456, 416, 88, 120, 144, 48, 16, 8] 120 1440
=> 2453 [144, 444, 360, 72, 132, 180, 52, 36, 16, 4] 102.0 1440
=> 1345 [144, 420, 312, 60, 156, 204, 56, 60, 20, 8] 102.0 1440
=> 3451 [144, 420, 312, 60, 156, 204, 56, 60, 20, 8] 102.0 1440
=> 1425 [144, 444, 360, 72, 132, 180, 52, 36, 16, 4] 102.0 1440
=> 1435 [144, 432, 304, 56, 144, 216, 56, 56, 24, 8] 100.0 1440
=> 4563 [54, 378, 405, 123, 9, 126, 198, 75, 6, 45, 15, 3, 3] 54 1440
=> 4056 [54, 378, 369, 91, 6, 126, 222, 83, 6, 57, 31, 5, 11, 1] 55.5 1440
=> 2450 [144, 420, 312, 60, 156, 204, 56, 60, 20, 8] 102.0 1440
=> 1405 [144, 420, 312, 60, 156, 204, 56, 60, 20, 8] 102.0 1440
=> 4506 [54, 378, 369, 91, 6, 126, 222, 83, 6, 57, 31, 5, 11, 1] 55.5 1440
=> 4152 [144, 444, 360, 72, 132, 180, 52, 36, 16, 4] 102.0 1440
=> 1452 [144, 432, 304, 56, 144, 216, 56, 56, 24, 8] 100.0 1440
=> 2451 [144, 432, 304, 56, 144, 216, 56, 56, 24, 8] 100.0 1440
=> 4315 [144, 420, 312, 60, 156, 204, 56, 60, 20, 8] 102.0 1440
=> 4502 [144, 420, 312, 60, 156, 204, 56, 60, 20, 8] 102.0 1440
=> 4256 [54, 378, 369, 91, 6, 126, 222, 83, 6, 57, 31, 5, 11, 1] 55.5 1440
=> 1245 [144, 420, 312, 60, 156, 204, 56, 60, 20, 8] 102.0 1440
=> 3415 [144, 432, 304, 56, 144, 216, 56, 56, 24, 8] 100.0 1440
=> 4125 [144, 456, 416, 88, 120, 144, 48, 16, 8] 120 1440
=> 4562 [54, 378, 369, 91, 6, 126, 222, 83, 6, 57, 31, 5, 11, 1] 55.5 1440
=> 4521 [144, 444, 360, 72, 132, 180, 52, 36, 16, 4] 102.0 1440
=========================
guess: 4521; b c: 0 1
=> 6170 [28, 130, 109, 26, 44, 67, 18, 16, 5, 1] 27.0 444
=> 6107 [28, 128, 108, 24, 46, 69, 18, 15, 7, 1] 26.0 444
=> 3672 [26, 118, 108, 26, 38, 69, 25, 21, 9, 4] 26.0 444
=> 0657 [14, 108, 122, 44, 6, 34, 57, 31, 5, 13, 6, 3, 1] 14 444
=> 6407 [14, 108, 110, 28, 3, 36, 71, 30, 4, 17, 13, 4, 5, 1] 15.5 444
=> 6307 [82, 144, 21, 32, 104, 21, 28, 9, 3] 28 444
=> 0613 [18, 210, 135, 18, 57, 6] 37.5 444
=> 6073 [90, 170, 26, 24, 88, 20, 18, 6, 2] 24 444
=> 4361 [60, 141, 111, 24, 45, 39, 15, 6, 3] 39 444
=> 2617 [54, 164, 60, 22, 52, 42, 24, 12, 10, 4] 33.0 444
=> 6324 [54, 126, 93, 15, 48, 63, 15, 18, 9, 3] 33.0 444
=> 6703 [92, 172, 26, 22, 88, 20, 16, 6, 2] 22 444
=> 4670 [14, 110, 126, 43, 6, 34, 59, 26, 4, 13, 6, 2, 1] 14 444
=> 6401 [60, 147, 90, 9, 45, 54, 15, 12, 9, 3] 30.0 444
=> 0467 [14, 110, 126, 43, 6, 34, 59, 26, 4, 13, 6, 2, 1] 14 444
=> 0672 [28, 130, 131, 30, 32, 53, 23, 8, 7, 2] 29.0 444
=> 3406 [30, 126, 81, 30, 48, 63, 30, 18, 12, 6] 30.0 444
=> 2506 [54, 132, 111, 24, 42, 54, 15, 9, 3] 42 444
=> 6435 [30, 126, 78, 33, 42, 60, 33, 24, 12, 6] 33.0 444
=> 6375 [12, 98, 110, 28, 4, 38, 68, 36, 4, 20, 14, 5, 6, 1] 17.0 444
=> 5604 [30, 120, 78, 30, 54, 63, 30, 21, 12, 6] 30.0 444
=> 6457 [84, 152, 22, 30, 96, 22, 28, 6, 4] 28 444
=> 6785 [58, 141, 48, 20, 87, 44, 24, 16, 6] 44 444
=> 3426 [54, 129, 102, 15, 45, 60, 15, 12, 9, 3] 30.0 444
=> 6378 [58, 141, 48, 20, 87, 44, 24, 16, 6] 44 444
=> 5061 [60, 135, 87, 12, 51, 57, 18, 12, 9, 3] 34.5 444
=> 2467 [28, 122, 109, 26, 40, 65, 24, 18, 9, 3] 27.0 444
=> 1467 [28, 130, 107, 20, 44, 65, 20, 20, 7, 3] 24.0 444
=> 6520 [54, 144, 117, 21, 30, 51, 18, 6, 3] 30 444
=> 6234 [54, 126, 84, 15, 48, 69, 15, 21, 9, 3] 34.5 444
=> 6207 [28, 118, 102, 26, 44, 71, 24, 19, 9, 3] 27.0 444
=> 3645 [30, 120, 78, 30, 48, 66, 33, 18, 15, 6] 31.5 444
=> 6417 [28, 130, 100, 18, 44, 72, 20, 20, 8, 4] 24.0 444
=> 3564 [30, 132, 96, 36, 36, 57, 33, 9, 12, 3] 34.5 444
=> 6751 [26, 122, 114, 26, 46, 69, 18, 15, 7, 1] 26.0 444
=> 4637 [14, 108, 122, 44, 6, 34, 57, 31, 5, 13, 6, 3, 1] 14 444
=> 1675 [26, 128, 103, 19, 40, 74, 21, 21, 9, 3] 23.5 444
=> 5601 [60, 141, 84, 15, 45, 60, 15, 12, 9, 3] 30.0 444
=> 6450 [30, 132, 87, 27, 42, 57, 30, 18, 15, 6] 30.0 444
=> 6325 [48, 126, 102, 12, 48, 60, 18, 18, 9, 3] 33.0 444
=> 0516 [60, 156, 114, 33, 30, 36, 9, 6] 34.5 444
=> 6205 [54, 120, 87, 18, 54, 63, 15, 24, 6, 3] 39.0 444
=> 1365 [54, 132, 78, 12, 54, 66, 18, 18, 9, 3] 36.0 444
=> 5630 [30, 120, 87, 33, 48, 57, 30, 18, 15, 6] 31.5 444
=> 2064 [54, 123, 84, 15, 57, 66, 15, 24, 3, 3] 39.0 444
=> 3462 [54, 129, 87, 15, 45, 69, 18, 18, 6, 3] 31.5 444
=> 2560 [54, 141, 108, 24, 33, 57, 15, 9, 3] 33 444
=> 0675 [14, 108, 119, 43, 6, 34, 58, 32, 5, 15, 6, 3, 1] 15 444
=> 3064 [30, 120, 75, 27, 54, 66, 33, 21, 12, 6] 31.5 444
=> 1567 [26, 136, 132, 25, 32, 57, 19, 9, 6, 2] 25.5 444
=> 6357 [12, 98, 110, 32, 4, 38, 68, 33, 5, 20, 13, 4, 6, 1] 16.5 444
=> 3607 [80, 150, 23, 34, 96, 21, 30, 7, 3] 30 444
=> 6314 [60, 126, 69, 15, 60, 63, 15, 24, 9, 3] 42.0 444
=> 4675 [88, 174, 28, 26, 84, 19, 18, 6, 1] 26 444
=> 3526 [48, 138, 123, 21, 36, 51, 18, 6, 3] 36 444
=> 6572 [26, 122, 134, 31, 34, 57, 23, 7, 8, 2] 28.5 444
=> 5637 [12, 102, 106, 35, 5, 34, 72, 31, 4, 20, 13, 4, 5, 1] 16.5 444
=> 6752 [26, 112, 108, 28, 44, 71, 24, 19, 9, 3] 27.0 444
=> 4236 [54, 135, 111, 21, 39, 54, 18, 9, 3] 39 444
=> 2605 [54, 117, 93, 18, 57, 60, 15, 21, 6, 3] 37.5 444
=> 6351 [54, 132, 96, 15, 54, 48, 18, 18, 6, 3] 33.0 444
=> 3460 [30, 126, 84, 30, 48, 60, 33, 18, 9, 6] 31.5 444
=> 6728 [119, 112, 38, 9, 43, 66, 23, 6, 20, 4, 3, 1] 21.5 444
=> 5627 [26, 116, 112, 33, 40, 67, 23, 19, 6, 2] 29.5 444
=> 4672 [28, 128, 132, 31, 34, 52, 22, 8, 7, 2] 29.5 444
=> 6178 [121, 125, 30, 6, 41, 72, 19, 4, 19, 4, 2, 1] 19.0 444
=> 5346 [30, 114, 84, 33, 54, 57, 30, 21, 15, 6] 31.5 444
=> 2364 [54, 123, 84, 15, 51, 69, 18, 21, 6, 3] 36.0 444
=> 6723 [26, 118, 140, 38, 38, 52, 22, 6, 4] 38 444
=> 1640 [60, 138, 78, 15, 54, 57, 15, 21, 3, 3] 37.5 444
=> 6217 [54, 156, 60, 24, 60, 40, 24, 14, 8, 4] 32.0 444
=> 5206 [54, 120, 93, 15, 54, 60, 18, 21, 6, 3] 37.5 444
=> 3652 [48, 120, 96, 18, 54, 63, 15, 21, 6, 3] 34.5 444
=> 6432 [54, 126, 90, 18, 48, 63, 15, 21, 6, 3] 34.5 444
=> 6534 [30, 138, 90, 39, 30, 60, 30, 12, 12, 3] 30.0 444
=> 6734 [14, 104, 104, 30, 4, 38, 68, 33, 5, 20, 13, 4, 6, 1] 17.0 444
=> 0637 [90, 176, 28, 24, 84, 19, 16, 6, 1] 24 444
=> 0561 [60, 159, 135, 33, 27, 21, 9] 33 444
=> 6724 [28, 116, 106, 31, 46, 67, 23, 19, 6, 2] 29.5 444
=> 6472 [28, 124, 103, 24, 38, 73, 24, 16, 11, 3] 26.0 444
=> 6315 [54, 126, 78, 12, 60, 60, 18, 24, 9, 3] 39.0 444
=> 0674 [14, 108, 120, 42, 6, 36, 63, 26, 4, 15, 7, 2, 1] 15 444
=> 6403 [30, 144, 102, 30, 30, 51, 33, 9, 12, 3] 30.0 444
=> 2637 [26, 118, 108, 28, 38, 71, 24, 19, 9, 3] 27.0 444
=> 6052 [54, 126, 84, 15, 48, 69, 15, 21, 9, 3] 34.5 444
=> 4160 [60, 153, 111, 21, 39, 42, 12, 3, 3] 39 444
=> 6402 [54, 135, 90, 9, 45, 66, 15, 18, 9, 3] 31.5 444
=> 3647 [14, 104, 106, 32, 4, 38, 67, 31, 5, 19, 14, 4, 5, 1] 16.5 444
=> 5367 [12, 102, 106, 32, 4, 34, 72, 32, 5, 20, 15, 4, 5, 1] 17.5 444
=> 6503 [30, 138, 114, 54, 30, 42, 27, 6, 3] 30 444
=> 4026 [54, 138, 117, 21, 42, 51, 12, 6, 3] 42 444
=> 5463 [30, 114, 102, 48, 54, 51, 30, 9, 6] 48 444
=> 6024 [54, 129, 96, 9, 51, 60, 15, 18, 9, 3] 34.5 444
=> 1536 [54, 150, 96, 21, 36, 57, 18, 9, 3] 36 444
=> 0264 [54, 141, 102, 21, 39, 60, 12, 12, 3] 39 444
=> 6714 [28, 126, 96, 17, 48, 73, 21, 23, 8, 4] 25.5 444
=> 0463 [30, 150, 120, 45, 24, 42, 27, 6] 36.0 444
=> 0563 [30, 144, 147, 66, 24, 15, 18] 30 444
=> 4165 [18, 180, 138, 48, 51, 9] 49.5 444
=> 5104 [72, 156, 72, 60, 60, 24] 66.0 444
=> 3061 [18, 150, 117, 78, 63, 18] 70.5 444
=> 3641 [60, 138, 87, 15, 48, 54, 18, 15, 6, 3] 33.0 444
=> 6471 [28, 130, 109, 26, 44, 67, 18, 16, 5, 1] 27.0 444
=> 4267 [28, 130, 131, 30, 32, 53, 23, 8, 7, 2] 29.0 444
=> 3615 [54, 132, 72, 15, 54, 69, 15, 21, 9, 3] 37.5 444
=> 1657 [26, 130, 106, 18, 38, 75, 20, 17, 11, 3] 23.0 444
=> 4206 [54, 138, 108, 21, 42, 57, 12, 9, 3] 42 444
=> 6721 [54, 156, 76, 36, 60, 32, 20, 6, 4] 36 444
=> 1674 [28, 126, 102, 20, 48, 68, 19, 22, 8, 3] 25.0 444
=> 2067 [28, 118, 104, 26, 44, 68, 23, 20, 10, 3] 27.0 444
=> 0641 [60, 156, 102, 21, 36, 51, 12, 3, 3] 36 444
=> 4106 [60, 156, 102, 21, 36, 51, 12, 3, 3] 36 444
=> 3067 [78, 146, 23, 36, 100, 20, 30, 9, 2] 30 444
=> 5631 [54, 138, 90, 18, 48, 57, 15, 15, 6, 3] 33.0 444
=> 1436 [60, 135, 78, 18, 51, 60, 15, 18, 6, 3] 34.5 444
=> 1067 [28, 126, 102, 20, 48, 68, 19, 22, 8, 3] 25.0 444
=> 1670 [28, 130, 107, 20, 44, 65, 20, 20, 7, 3] 24.0 444
=> 4061 [60, 147, 108, 21, 45, 42, 12, 6, 3] 42 444
=> 0625 [54, 135, 120, 21, 39, 48, 18, 6, 3] 39 444
=> 3674 [14, 104, 106, 28, 4, 38, 67, 34, 4, 19, 15, 5, 5, 1] 17.0 444
=> 6741 [28, 128, 108, 24, 46, 69, 18, 15, 7, 1] 26.0 444
=> 6072 [28, 122, 99, 23, 40, 73, 25, 20, 10, 4] 26.5 444
=> 4056 [30, 138, 96, 36, 36, 54, 30, 12, 9, 3] 33.0 444
=> 6502 [54, 138, 105, 21, 36, 57, 18, 12, 3] 36 444
=> 1406 [60, 138, 78, 15, 54, 57, 15, 21, 3, 3] 37.5 444
=> 0146 [60, 156, 105, 21, 36, 45, 12, 6, 3] 36 444
=> 4156 [18, 192, 132, 36, 57, 9] 46.5 444
=> 0263 [12, 204, 153, 12, 57, 6] 34.5 444
=> 3046 [30, 120, 78, 30, 54, 63, 30, 21, 12, 6] 30.0 444
=> 4167 [28, 138, 137, 30, 36, 49, 17, 6, 3] 30 444
=> 6340 [30, 126, 84, 27, 48, 57, 30, 21, 15, 6] 30.0 444
=> 6372 [26, 112, 108, 26, 44, 69, 25, 21, 9, 4] 26.0 444
=> 6537 [12, 102, 124, 44, 6, 34, 62, 32, 5, 12, 7, 3, 1] 12 444
=> 5026 [54, 126, 99, 12, 48, 60, 18, 15, 9, 3] 33.0 444
=> 4561 [18, 210, 159, 18, 39] 39 444
=> 3250 [48, 144, 96, 84, 48, 24] 66.0 444
=> 4015 [72, 156, 84, 60, 60, 12] 66.0 444
=> 4201 [84, 240, 48, 48, 24] 48 444
=> 0124 [84, 252, 48, 36, 24] 48 444
=> 2465 [12, 150, 114, 66, 81, 21] 73.5 444
=> 0265 [54, 135, 105, 24, 39, 57, 15, 12, 3] 39 444
=> 3546 [30, 132, 102, 36, 36, 51, 33, 9, 12, 3] 34.5 444
=> 4506 [30, 150, 114, 45, 24, 48, 27, 6] 37.5 444
=> 6075 [14, 104, 100, 30, 4, 38, 71, 32, 5, 21, 14, 4, 6, 1] 17.5 444
=> 6027 [28, 116, 106, 31, 46, 67, 23, 19, 6, 2] 29.5 444
=> 6784 [63, 140, 44, 21, 88, 42, 24, 16, 6] 42 444
=> 6427 [28, 120, 110, 32, 42, 66, 22, 16, 6, 2] 30.0 444
=> 0643 [30, 150, 114, 45, 24, 48, 27, 6] 37.5 444
=> 3164 [60, 135, 87, 12, 51, 57, 18, 12, 9, 3] 34.5 444
=> 3675 [12, 102, 106, 32, 4, 34, 72, 32, 5, 20, 15, 4, 5, 1] 17.5 444
=> 6507 [14, 108, 118, 42, 6, 34, 62, 32, 5, 12, 7, 3, 1] 14 444
=> 6371 [26, 118, 114, 28, 50, 63, 19, 21, 3, 2] 27.0 444
=> 6504 [30, 138, 99, 30, 36, 51, 33, 12, 12, 3] 31.5 444
=> 0256 [54, 132, 114, 24, 42, 48, 15, 12, 3] 42 444
=> 6453 [30, 126, 96, 45, 42, 54, 33, 12, 6] 42 444
=> 3671 [26, 126, 114, 26, 42, 65, 19, 19, 5, 2] 26.0 444
=> 0546 [30, 138, 120, 54, 36, 36, 21, 6, 3] 36 444
=> 4136 [60, 153, 105, 21, 33, 48, 18, 3, 3] 33 444
=> 6531 [54, 144, 114, 24, 42, 42, 15, 6, 3] 42 444
=> 6748 [62, 142, 46, 22, 87, 41, 23, 16, 5] 41 444
=> 4560 [30, 150, 120, 45, 24, 42, 27, 6] 36.0 444
=> 1635 [54, 138, 75, 15, 48, 69, 15, 18, 9, 3] 33.0 444
=> 2670 [28, 122, 109, 26, 40, 65, 24, 18, 9, 3] 27.0 444
=> 3650 [30, 114, 90, 36, 54, 51, 30, 21, 12, 6] 33.0 444
=> 2356 [48, 126, 93, 15, 48, 69, 15, 18, 9, 3] 33.0 444
=> 2463 [54, 141, 108, 24, 33, 57, 15, 9, 3] 33 444
=> 5460 [30, 126, 84, 30, 48, 60, 33, 18, 9, 6] 31.5 444
=> 4036 [30, 120, 96, 42, 54, 57, 30, 9, 6] 42 444
=> 6702 [28, 120, 102, 26, 42, 70, 24, 20, 8, 4] 27.0 444
=> 3156 [54, 138, 90, 18, 48, 57, 15, 15, 6, 3] 33.0 444
=> 5362 [48, 126, 87, 15, 48, 72, 18, 21, 6, 3] 34.5 444
=> 0461 [60, 153, 111, 21, 39, 42, 12, 3, 3] 39 444
=> 4602 [54, 138, 111, 21, 42, 51, 12, 12, 3] 42 444
=> 6204 [54, 129, 87, 9, 51, 66, 15, 21, 9, 3] 36.0 444
=> 0367 [88, 174, 28, 26, 84, 19, 18, 6, 1] 26 444
=> 5046 [30, 126, 78, 27, 48, 60, 33, 24, 12, 6] 31.5 444
=> 6045 [30, 126, 78, 24, 48, 63, 30, 21, 18, 6] 30.0 444
=> 6015 [60, 126, 69, 15, 60, 63, 15, 24, 9, 3] 42.0 444
=> 6054 [30, 126, 78, 24, 48, 63, 30, 21, 18, 6] 30.0 444
=> 1563 [54, 156, 126, 33, 30, 30, 9, 6] 31.5 444
=> 6530 [30, 126, 96, 45, 42, 54, 33, 12, 6] 42 444
=> 3624 [54, 126, 99, 12, 48, 60, 18, 15, 9, 3] 33.0 444
=> 6423 [54, 144, 117, 21, 30, 51, 18, 6, 3] 30 444
=> 4567 [98, 202, 33, 16, 68, 18, 6, 3] 25.5 444
=> 4651 [18, 192, 129, 36, 63, 6] 49.5 444
=> 6214 [84, 129, 78, 63, 66, 24] 72.0 444
=> 1206 [84, 132, 87, 60, 63, 18] 73.5 444
=> 1450 [72, 144, 84, 72, 48, 24] 72.0 444
=> 6253 [48, 132, 114, 24, 42, 54, 15, 12, 3] 42 444
=> 6473 [14, 110, 120, 43, 6, 32, 61, 31, 5, 11, 7, 3, 1] 14 444
=> 3654 [30, 120, 78, 30, 48, 66, 33, 18, 15, 6] 31.5 444
=> 0356 [30, 132, 99, 39, 36, 54, 30, 9, 12, 3] 33.0 444
=> 6345 [30, 126, 72, 30, 42, 66, 33, 24, 15, 6] 31.5 444
=> 2647 [28, 116, 108, 28, 46, 63, 24, 21, 7, 3] 28.0 444
=> 3256 [48, 120, 96, 18, 54, 63, 15, 21, 6, 3] 34.5 444
=> 0652 [54, 135, 111, 21, 39, 54, 18, 9, 3] 39 444
=> 4203 [48, 192, 132, 48, 24] 48 444
=> 0421 [84, 264, 48, 24, 24] 48 444
=> 6350 [30, 126, 78, 33, 42, 60, 33, 24, 12, 6] 33.0 444
=> 1605 [60, 129, 75, 18, 57, 60, 15, 21, 6, 3] 39.0 444
=> 4356 [30, 132, 102, 36, 36, 51, 33, 9, 12, 3] 34.5 444
=> 0645 [30, 120, 96, 42, 54, 57, 30, 9, 6] 42 444
=> 5620 [54, 129, 102, 15, 45, 60, 15, 12, 9, 3] 30.0 444
=> 3642 [54, 120, 93, 15, 54, 60, 18, 21, 6, 3] 37.5 444
=> 2674 [28, 118, 104, 26, 44, 68, 23, 20, 10, 3] 27.0 444
=> 4163 [60, 159, 135, 33, 27, 21, 9] 33 444
=> 1240 [84, 192, 36, 96, 24, 12] 60.0 444
=> 6501 [60, 150, 105, 21, 36, 45, 18, 6, 3] 36 444
=> 3465 [30, 120, 81, 30, 48, 63, 36, 18, 12, 6] 33.0 444
=> 5364 [30, 114, 78, 30, 54, 63, 36, 21, 12, 6] 33.0 444
=> 6250 [54, 126, 90, 18, 48, 63, 15, 21, 6, 3] 34.5 444
=> 6780 [64, 144, 46, 20, 87, 41, 21, 16, 5] 41 444
=> 6105 [60, 132, 87, 18, 54, 51, 15, 18, 6, 3] 34.5 444
=> 4063 [30, 132, 120, 54, 42, 36, 21, 6, 3] 36 444
=> 6347 [14, 104, 100, 33, 5, 38, 71, 31, 4, 21, 12, 4, 6, 1] 17.5 444
=> 0673 [98, 202, 33, 16, 68, 18, 6, 3] 25.5 444
=> 4502 [48, 216, 108, 24, 48] 48 444
=> 0243 [48, 216, 108, 24, 48] 48 444
=> 5673 [12, 106, 122, 44, 6, 30, 62, 32, 5, 14, 7, 3, 1] 14 444
=> 1627 [54, 164, 68, 28, 52, 38, 22, 8, 8, 2] 33.0 444
=> 4367 [14, 108, 119, 43, 6, 34, 58, 32, 5, 15, 6, 3, 1] 15 444
=> 4065 [30, 132, 96, 36, 42, 54, 30, 12, 9, 3] 33.0 444
=> 6317 [26, 120, 102, 19, 48, 73, 21, 23, 8, 4] 24.5 444
=> 6240 [54, 135, 90, 9, 45, 66, 15, 18, 9, 3] 31.5 444
=> 6352 [48, 120, 96, 15, 54, 60, 18, 24, 6, 3] 36.0 444
=> 3617 [26, 128, 102, 17, 40, 75, 21, 21, 10, 4] 23.5 444
=> 6127 [54, 156, 76, 36, 60, 32, 20, 6, 4] 36 444
=> 6758 [57, 143, 50, 21, 86, 43, 23, 16, 5] 43 444
=> 5306 [30, 120, 78, 30, 48, 66, 33, 18, 15, 6] 31.5 444
=> 6014 [60, 129, 72, 9, 63, 60, 15, 24, 9, 3] 42.0 444
=> 6053 [30, 138, 90, 39, 30, 60, 30, 12, 12, 3] 30.0 444
=> 0462 [54, 147, 105, 21, 33, 60, 12, 9, 3] 33 444
=> 5361 [54, 132, 93, 15, 54, 54, 18, 15, 6, 3] 36.0 444
=> 3167 [26, 128, 111, 25, 40, 70, 19, 17, 7, 1] 25.5 444
=> 0654 [30, 120, 96, 42, 54, 57, 30, 9, 6] 42 444
=> 0164 [60, 147, 108, 21, 45, 42, 12, 6, 3] 42 444
=> 4360 [30, 120, 99, 45, 54, 54, 27, 9, 6] 45 444
=> 6035 [30, 126, 72, 30, 42, 66, 33, 24, 15, 6] 31.5 444
=> 6754 [82, 144, 21, 32, 104, 21, 28, 9, 3] 28 444
=> 5016 [60, 132, 69, 12, 54, 66, 18, 21, 9, 3] 37.5 444
=> 2167 [54, 168, 69, 28, 48, 38, 22, 7, 8, 2] 33.0 444
=> 5062 [54, 129, 81, 12, 45, 75, 18, 18, 9, 3] 31.5 444
=> 4671 [28, 136, 138, 31, 38, 48, 16, 6, 3] 31 444
=> 6573 [12, 106, 140, 60, 9, 30, 52, 22, 4, 6, 2, 1] 17.0 444
=> 6150 [60, 138, 90, 18, 48, 51, 15, 15, 6, 3] 33.0 444
=> 4657 [90, 176, 28, 24, 84, 19, 16, 6, 1] 24 444
=> 2346 [54, 117, 93, 18, 57, 60, 15, 21, 6, 3] 37.5 444
=> 3625 [48, 126, 102, 15, 48, 63, 15, 15, 9, 3] 31.5 444
=> 0642 [54, 138, 108, 21, 42, 57, 12, 9, 3] 42 444
=> 6738 [57, 143, 50, 21, 86, 43, 23, 16, 5] 43 444
=> 4673 [14, 112, 138, 60, 9, 30, 47, 21, 4, 7, 1, 1] 17.5 444
=> 4260 [54, 147, 105, 21, 33, 60, 12, 9, 3] 33 444
=> 6137 [26, 122, 114, 26, 46, 69, 18, 15, 7, 1] 26.0 444
=> 4617 [28, 136, 128, 22, 38, 55, 19, 9, 7, 2] 25.0 444
=> 6543 [30, 138, 114, 54, 30, 42, 27, 6, 3] 30 444
=> 5021 [84, 228, 24, 48, 48, 12] 48.0 444
=> 3245 [48, 156, 72, 72, 72, 24] 72.0 444
=> 2106 [84, 138, 99, 54, 57, 12] 70.5 444
=> 3160 [18, 156, 120, 72, 63, 15] 67.5 444
=> 3651 [54, 138, 90, 18, 48, 57, 15, 15, 6, 3] 33.0 444
=> 6523 [48, 150, 144, 33, 24, 36, 9] 36 444
=> 0325 [48, 204, 84, 24, 72, 12] 60.0 444
=> 2051 [84, 204, 36, 72, 36, 12] 54.0 444
=> 3205 [48, 144, 84, 84, 60, 24] 72.0 444
=> 5143 [72, 144, 120, 60, 48] 72 444
=> 6327 [26, 110, 112, 33, 46, 67, 23, 19, 6, 2] 29.5 444
=> 2056 [54, 120, 93, 15, 54, 60, 18, 21, 6, 3] 37.5 444
=> 4632 [54, 132, 114, 24, 42, 48, 15, 12, 3] 42 444
=> 1356 [54, 138, 75, 15, 48, 69, 15, 18, 9, 3] 33.0 444
=> 0617 [28, 136, 128, 22, 38, 55, 19, 9, 7, 2] 25.0 444
=> 6781 [121, 125, 30, 6, 41, 72, 19, 4, 19, 4, 2, 1] 19.0 444
=> 6037 [82, 144, 21, 32, 104, 21, 28, 9, 3] 28 444
=> 3461 [60, 135, 93, 15, 51, 51, 18, 12, 6, 3] 34.5 444
=> 6532 [48, 132, 114, 24, 42, 54, 15, 12, 3] 42 444
=> 5236 [48, 120, 96, 18, 54, 63, 15, 21, 6, 3] 34.5 444
=> 6047 [14, 106, 106, 27, 3, 38, 71, 31, 4, 21, 12, 4, 6, 1] 17.5 444
=> 6475 [82, 148, 22, 32, 100, 21, 28, 8, 3] 28 444
=> 0163 [18, 210, 159, 18, 39] 39 444
=> 5413 [72, 120, 120, 84, 48] 84 444
=> 0432 [48, 192, 96, 48, 48, 12] 48.0 444
=> 6413 [60, 144, 93, 21, 42, 51, 18, 12, 3] 42 444
=> 6173 [26, 128, 140, 33, 40, 51, 17, 7, 2] 33 444
=> 4623 [54, 150, 144, 33, 24, 30, 9] 33 444
=> 1634 [60, 132, 75, 15, 54, 60, 18, 21, 6, 3] 37.5 444
=> 3265 [48, 126, 87, 15, 48, 72, 18, 21, 6, 3] 34.5 444
=> 3567 [12, 106, 122, 44, 6, 30, 62, 32, 5, 14, 7, 3, 1] 14 444
=> 6431 [60, 138, 90, 18, 48, 51, 15, 15, 6, 3] 33.0 444
=> 5106 [60, 138, 87, 15, 48, 54, 18, 15, 6, 3] 33.0 444
=> 2643 [54, 132, 111, 24, 42, 54, 15, 9, 3] 42 444
=> 6175 [26, 118, 114, 28, 50, 63, 19, 21, 3, 2] 27.0 444
=> 5067 [14, 104, 106, 28, 4, 38, 67, 34, 4, 19, 15, 5, 5, 1] 17.0 444
=> 1607 [28, 128, 106, 18, 46, 67, 20, 19, 9, 3] 24.0 444
=> 1672 [54, 168, 61, 22, 48, 42, 24, 11, 10, 4] 33.0 444
=> 5632 [48, 120, 96, 18, 54, 63, 15, 21, 6, 3] 34.5 444
=> 4653 [30, 132, 123, 54, 36, 36, 27, 3, 3] 36 444
=> 2671 [54, 168, 69, 28, 48, 38, 22, 7, 8, 2] 33.0 444
=> 5674 [78, 146, 23, 36, 100, 20, 30, 9, 2] 30 444
=> 6278 [121, 116, 28, 6, 41, 66, 25, 6, 16, 10, 5, 3, 1] 16 444
=> 5064 [30, 120, 75, 27, 54, 66, 33, 21, 12, 6] 31.5 444
=> 0365 [30, 132, 96, 36, 36, 57, 33, 9, 12, 3] 34.5 444
=> 6718 [119, 125, 20, 3, 43, 72, 21, 4, 19, 10, 4, 3, 1] 19 444
=> 6305 [30, 126, 72, 30, 42, 66, 33, 24, 15, 6] 31.5 444
=> 6370 [82, 148, 22, 32, 100, 21, 28, 8, 3] 28 444
=> 2607 [28, 116, 108, 28, 46, 63, 24, 21, 7, 3] 28.0 444
=> 5267 [26, 118, 108, 26, 38, 69, 25, 21, 9, 4] 26.0 444
=> 6750 [14, 106, 104, 34, 5, 36, 71, 30, 4, 17, 13, 4, 5, 1] 15.5 444
=> 5467 [80, 154, 24, 34, 92, 21, 30, 6, 3] 30 444
=> 6057 [14, 104, 104, 30, 4, 38, 68, 33, 5, 20, 13, 4, 6, 1] 17.0 444
=> 3456 [30, 120, 87, 33, 48, 57, 30, 18, 15, 6] 31.5 444
=> 1460 [60, 135, 84, 15, 57, 54, 15, 18, 3, 3] 36.0 444
=> 6304 [30, 126, 78, 24, 48, 63, 30, 21, 18, 6] 30.0 444
=> 6732 [26, 110, 112, 28, 46, 64, 26, 22, 6, 4] 27.0 444
=> 3516 [54, 144, 93, 21, 42, 57, 18, 12, 3] 42 444
=> 6140 [60, 147, 90, 9, 45, 54, 15, 12, 9, 3] 30.0 444
=> 6135 [54, 132, 96, 15, 54, 48, 18, 18, 6, 3] 33.0 444
=> 6034 [30, 126, 78, 24, 48, 63, 30, 21, 18, 6] 30.0 444
=> 4067 [14, 108, 120, 42, 6, 36, 63, 26, 4, 15, 7, 2, 1] 15 444
=> 3627 [26, 116, 112, 33, 40, 67, 23, 19, 6, 2] 29.5 444
=> 6745 [82, 144, 21, 32, 104, 21, 28, 9, 3] 28 444
=> 2367 [26, 120, 105, 25, 36, 74, 25, 19, 11, 3] 25.5 444
=> 5167 [26, 126, 114, 26, 42, 65, 19, 19, 5, 2] 26.0 444
=> 5613 [54, 144, 93, 21, 42, 57, 18, 12, 3] 42 444
=> 5643 [30, 114, 99, 45, 54, 54, 33, 9, 6] 45 444
=> 6705 [14, 104, 100, 33, 5, 38, 71, 31, 4, 21, 12, 4, 6, 1] 17.5 444
=> 3604 [30, 126, 78, 27, 48, 60, 33, 24, 12, 6] 31.5 444
=> 1346 [60, 129, 75, 18, 57, 60, 15, 21, 6, 3] 39.0 444
=> 6354 [30, 126, 72, 30, 42, 66, 33, 24, 15, 6] 31.5 444
=> 2635 [48, 126, 93, 15, 48, 69, 15, 18, 9, 3] 33.0 444
=> 0671 [28, 138, 137, 30, 36, 49, 17, 6, 3] 30 444
=> 5623 [48, 138, 123, 21, 36, 51, 18, 6, 3] 36 444
=> 2678 [125, 118, 27, 6, 37, 66, 26, 6, 14, 9, 5, 4, 1] 14 444
=> 6134 [60, 138, 84, 15, 48, 57, 15, 15, 9, 3] 31.5 444
=> 3657 [12, 102, 106, 35, 5, 34, 72, 31, 4, 20, 13, 4, 5, 1] 16.5 444
=> 5326 [48, 126, 102, 15, 48, 63, 15, 15, 9, 3] 31.5 444
=> 1643 [60, 144, 93, 24, 42, 54, 15, 9, 3] 42 444
=> 6742 [28, 118, 102, 26, 44, 71, 24, 19, 9, 3] 27.0 444
=> 6735 [12, 98, 110, 32, 4, 38, 68, 33, 5, 20, 13, 4, 6, 1] 16.5 444
=> 6051 [60, 138, 84, 15, 48, 57, 15, 15, 9, 3] 31.5 444
=> 4607 [14, 108, 124, 42, 6, 36, 60, 27, 4, 14, 6, 2, 1] 14 444
=> 6470 [14, 110, 111, 28, 3, 34, 72, 30, 4, 15, 14, 4, 4, 1] 14.5 444
=> 0647 [14, 108, 124, 42, 6, 36, 60, 27, 4, 14, 6, 2, 1] 14 444
=> 6025 [54, 126, 93, 15, 48, 63, 15, 18, 9, 3] 33.0 444
=> 6043 [30, 138, 99, 30, 36, 51, 33, 12, 12, 3] 31.5 444
=> 1653 [54, 150, 96, 21, 36, 57, 18, 9, 3] 36 444
=> 0253 [48, 204, 120, 24, 48] 48 444
=> 5420 [48, 192, 72, 48, 60, 24] 54.0 444
=> 0651 [60, 153, 105, 21, 33, 48, 18, 3, 3] 33 444
=> 5670 [14, 106, 107, 32, 4, 36, 68, 31, 5, 17, 15, 4, 4, 1] 16.0 444
=> 6257 [26, 110, 112, 28, 46, 64, 26, 22, 6, 4] 27.0 444
=> 4562 [12, 204, 153, 12, 57, 6] 34.5 444
=> 2065 [54, 123, 84, 15, 51, 69, 18, 21, 6, 3] 36.0 444
=> 6547 [92, 172, 26, 22, 88, 20, 16, 6, 2] 22 444
=> 3264 [54, 129, 81, 12, 45, 75, 18, 18, 9, 3] 31.5 444
=> 6708 [62, 142, 46, 22, 87, 41, 23, 16, 5] 41 444
=> 0526 [54, 150, 144, 33, 24, 30, 9] 33 444
=> 3146 [60, 141, 84, 15, 45, 60, 15, 12, 9, 3] 30.0 444
=> 6235 [48, 120, 96, 15, 54, 60, 18, 24, 6, 3] 36.0 444
=> 1267 [54, 168, 61, 22, 48, 42, 24, 11, 10, 4] 33.0 444
=> 0436 [30, 138, 102, 39, 36, 51, 27, 9, 9, 3] 33.0 444
=> 0165 [60, 141, 111, 24, 45, 39, 15, 6, 3] 39 444
=> 0562 [54, 153, 129, 33, 21, 39, 9, 6] 36.0 444
=> 2567 [26, 128, 134, 31, 28, 57, 23, 7, 8, 2] 27.0 444
=> 6104 [60, 141, 87, 9, 51, 54, 15, 15, 9, 3] 33.0 444
=> 4601 [60, 156, 105, 21, 36, 45, 12, 6, 3] 36 444
=> 5063 [30, 132, 96, 36, 36, 57, 33, 9, 12, 3] 34.5 444
=> 5160 [60, 135, 93, 15, 51, 51, 18, 12, 6, 3] 34.5 444
=> 6437 [14, 106, 104, 34, 5, 36, 71, 30, 4, 17, 13, 4, 5, 1] 15.5 444
=> 5617 [26, 128, 102, 17, 40, 75, 21, 21, 10, 4] 23.5 444
=> 6017 [28, 126, 96, 17, 48, 73, 21, 23, 8, 4] 25.5 444
=> 5260 [54, 129, 87, 15, 45, 69, 18, 18, 6, 3] 31.5 444
=> 6273 [26, 122, 134, 31, 34, 57, 23, 7, 8, 2] 28.5 444
=> 6478 [64, 144, 46, 20, 87, 41, 21, 16, 5] 41 444
=> 6713 [26, 128, 130, 24, 40, 58, 20, 10, 6, 2] 25.0 444
=> 5647 [80, 150, 23, 34, 96, 21, 30, 7, 3] 30 444
=> 6731 [26, 120, 118, 26, 48, 62, 20, 18, 4, 2] 26.0 444
=> 6243 [54, 138, 105, 21, 36, 57, 18, 12, 3] 36 444
=> 2653 [48, 138, 114, 21, 36, 57, 18, 9, 3] 36 444
=> 2675 [26, 120, 105, 25, 36, 74, 25, 19, 11, 3] 25.5 444
=> 1650 [60, 135, 78, 18, 51, 60, 15, 18, 6, 3] 34.5 444
=> 5360 [30, 120, 81, 30, 48, 63, 36, 18, 12, 6] 33.0 444
=> 0567 [14, 112, 138, 60, 9, 30, 47, 21, 4, 7, 1, 1] 17.5 444
=> 6275 [26, 112, 108, 26, 44, 69, 25, 21, 9, 4] 26.0 444
=> 0653 [30, 144, 123, 42, 24, 39, 36, 6] 37.5 444
=> 5640 [30, 126, 81, 30, 48, 63, 30, 18, 12, 6] 30.0 444
=> 5136 [54, 138, 90, 18, 48, 57, 15, 15, 6, 3] 33.0 444
=> 0267 [28, 128, 132, 31, 34, 52, 22, 8, 7, 2] 29.5 444
=> 0627 [28, 124, 138, 38, 38, 47, 21, 7, 3] 38 444
=> 0564 [30, 132, 120, 54, 42, 36, 21, 6, 3] 36 444
=> 0634 [30, 138, 96, 36, 36, 54, 30, 12, 9, 3] 33.0 444
=> 6147 [28, 130, 108, 24, 44, 68, 18, 16, 6, 2] 26.0 444
=> 6730 [84, 152, 22, 30, 96, 22, 28, 6, 4] 28 444
=> 1064 [60, 123, 78, 15, 69, 54, 15, 24, 3, 3] 39.0 444
=> 6725 [26, 110, 112, 33, 46, 67, 23, 19, 6, 2] 29.5 444
=> 6701 [28, 130, 108, 24, 44, 68, 18, 16, 6, 2] 26.0 444
=> 0364 [30, 132, 96, 36, 42, 54, 30, 12, 9, 3] 33.0 444
=> 6374 [14, 104, 100, 30, 4, 38, 71, 32, 5, 21, 14, 4, 6, 1] 17.5 444
=> 3670 [80, 154, 24, 34, 92, 21, 30, 6, 3] 30 444
=> 4263 [54, 153, 129, 33, 21, 39, 9, 6] 36.0 444
=> 4613 [60, 156, 114, 33, 30, 36, 9, 6] 34.5 444
=> 6174 [28, 128, 105, 25, 46, 67, 19, 20, 4, 2] 26.5 444
=> 5672 [26, 120, 105, 25, 36, 74, 25, 19, 11, 3] 25.5 444
=> 6570 [14, 110, 120, 43, 6, 32, 61, 31, 5, 11, 7, 3, 1] 14 444
=> 2673 [26, 128, 134, 31, 28, 57, 23, 7, 8, 2] 27.0 444
=> 2536 [48, 138, 114, 21, 36, 57, 18, 9, 3] 36 444
=> 1367 [26, 128, 103, 19, 40, 74, 21, 21, 9, 3] 23.5 444
=> 6517 [26, 128, 130, 24, 40, 58, 20, 10, 6, 2] 25.0 444
=> 6704 [14, 106, 106, 27, 3, 38, 71, 31, 4, 21, 12, 4, 6, 1] 17.5 444
=> 1637 [26, 130, 106, 18, 38, 75, 20, 17, 11, 3] 23.0 444
=> 0426 [54, 144, 123, 21, 36, 45, 12, 6, 3] 36 444
=> 6715 [26, 120, 102, 19, 48, 73, 21, 23, 8, 4] 24.5 444
=> 5036 [30, 120, 78, 30, 48, 66, 33, 18, 15, 6] 31.5 444
=> 0346 [30, 132, 99, 39, 42, 51, 27, 12, 9, 3] 34.5 444
=> 6172 [54, 160, 69, 30, 56, 36, 22, 9, 6, 2] 33.0 444
=> 4326 [54, 135, 120, 21, 39, 48, 18, 6, 3] 39 444
=> 3056 [30, 114, 81, 33, 54, 60, 33, 21, 12, 6] 33.0 444
=> 5607 [14, 104, 106, 32, 4, 38, 67, 31, 5, 19, 14, 4, 5, 1] 16.5 444
=> 6782 [121, 116, 28, 6, 41, 66, 25, 6, 16, 10, 5, 3, 1] 16 444
=> 3267 [26, 120, 105, 25, 36, 74, 25, 19, 11, 3] 25.5 444
=> 5671 [26, 128, 111, 25, 40, 70, 19, 17, 7, 1] 25.5 444
=> 1056 [60, 132, 75, 15, 54, 60, 18, 21, 6, 3] 37.5 444
=> 3065 [30, 114, 78, 30, 54, 63, 36, 21, 12, 6] 33.0 444
=> 6074 [14, 106, 103, 26, 3, 38, 72, 32, 4, 23, 12, 4, 6, 1] 18.5 444
=> 6740 [14, 108, 110, 28, 3, 36, 71, 30, 4, 17, 13, 4, 5, 1] 15.5 444
=> 6720 [28, 120, 110, 32, 42, 66, 22, 16, 6, 2] 30.0 444
=> 4610 [60, 150, 93, 21, 42, 51, 12, 12, 3] 42 444
=> 6071 [28, 128, 105, 25, 46, 67, 19, 20, 4, 2] 26.5 444
=> 5263 [48, 138, 108, 24, 36, 60, 15, 12, 3] 36 444
=> 0631 [18, 192, 132, 36, 57, 9] 46.5 444
=> 6789 [189, 55, 108, 45, 27, 15, 5] 45 444
=> 6157 [26, 120, 118, 26, 48, 62, 20, 18, 4, 2] 26.0 444
=> 6430 [30, 132, 87, 27, 42, 57, 30, 18, 15, 6] 30.0 444
=> 5163 [54, 144, 114, 24, 42, 42, 15, 6, 3] 42 444
=> 1673 [26, 136, 132, 25, 32, 57, 19, 9, 6, 2] 25.5 444
=> 6753 [12, 102, 124, 44, 6, 34, 62, 32, 5, 12, 7, 3, 1] 12 444
=> 0167 [28, 136, 138, 31, 38, 48, 16, 6, 3] 31 444
=> 6527 [26, 118, 140, 38, 38, 52, 22, 6, 4] 38 444
=> 5436 [30, 114, 90, 36, 54, 51, 30, 21, 12, 6] 33.0 444
=> 3467 [14, 106, 107, 32, 4, 36, 68, 31, 5, 17, 15, 4, 4, 1] 16.0 444
=> 6270 [28, 124, 103, 24, 38, 73, 24, 16, 11, 3] 26.0 444
=> 6540 [30, 144, 102, 30, 30, 51, 33, 9, 12, 3] 30.0 444
=> 1678 [125, 129, 19, 3, 37, 72, 22, 4, 15, 9, 4, 4, 1] 15 444
=> 3640 [30, 126, 84, 30, 48, 54, 33, 24, 9, 6] 31.5 444
=> 1647 [28, 128, 106, 18, 46, 67, 20, 19, 9, 3] 24.0 444
=> 0156 [60, 150, 108, 24, 36, 42, 15, 6, 3] 36 444
=> 6710 [28, 130, 100, 18, 44, 72, 20, 20, 8, 4] 24.0 444
=> 4650 [30, 138, 102, 39, 36, 51, 27, 9, 9, 3] 33.0 444
=> 3561 [54, 144, 114, 24, 42, 42, 15, 6, 3] 42 444
=> 6574 [90, 170, 26, 24, 88, 20, 18, 6, 2] 24 444
=> 6743 [14, 108, 118, 42, 6, 34, 62, 32, 5, 12, 7, 3, 1] 14 444
=> 6712 [54, 156, 60, 24, 60, 40, 24, 14, 8, 4] 32.0 444
=> 1065 [60, 123, 78, 15, 63, 57, 18, 21, 6, 3] 39.0 444
=> 3605 [30, 114, 84, 33, 54, 57, 30, 21, 15, 6] 31.5 444
=> 5120 [84, 228, 36, 48, 36, 12] 42.0 444
=> 6031 [18, 162, 108, 66, 69, 21] 67.5 444
=> 6405 [30, 126, 84, 27, 48, 57, 30, 21, 15, 6] 30.0 444
=> 6237 [26, 112, 108, 28, 44, 71, 24, 19, 9, 3] 27.0 444
=> 2365 [48, 132, 84, 12, 42, 78, 18, 18, 9, 3] 30.0 444
=> 6420 [54, 141, 102, 9, 39, 60, 15, 12, 9, 3] 27.0 444
=> 2406 [54, 126, 96, 15, 54, 57, 15, 21, 3, 3] 37.5 444
=> 3246 [54, 123, 90, 15, 51, 66, 15, 18, 9, 3] 34.5 444
=> 6247 [28, 120, 102, 26, 42, 70, 24, 20, 8, 4] 27.0 444
=> 6342 [54, 120, 87, 18, 54, 63, 15, 24, 6, 3] 39.0 444
=> 5406 [30, 126, 84, 30, 48, 54, 33, 24, 9, 6] 31.5 444
=> 3614 [60, 132, 69, 12, 54, 66, 18, 21, 9, 3] 37.5 444
=> 4620 [54, 144, 123, 21, 36, 45, 12, 6, 3] 36 444
=> 2657 [26, 118, 108, 28, 38, 71, 24, 19, 9, 3] 27.0 444
=> 1604 [60, 132, 75, 15, 60, 57, 15, 24, 3, 3] 40.5 444
=> 2460 [54, 135, 90, 15, 45, 66, 15, 18, 3, 3] 31.5 444
=> 6274 [28, 122, 99, 23, 40, 73, 25, 20, 10, 4] 26.5 444
=> 1364 [60, 123, 78, 15, 63, 57, 18, 21, 6, 3] 39.0 444
=> 4563 [30, 144, 147, 66, 24, 15, 18] 30 444
=> 4635 [30, 132, 99, 39, 36, 54, 30, 9, 12, 3] 33.0 444
=> 2046 [54, 120, 93, 15, 60, 57, 15, 24, 3, 3] 39.0 444
=> 6578 [57, 161, 64, 21, 76, 39, 15, 10, 1] 39 444
=> 3421 [84, 228, 36, 48, 36, 12] 42.0 444
=========================
guess: 3421; b c: 0 0
=> 6170 [10, 30, 6, 4, 22, 5, 4, 3] 5.5 84
=> 6107 [10, 30, 6, 4, 22, 5, 4, 3] 5.5 84
=> 0657 [10, 30, 6, 4, 22, 5, 4, 3] 5.5 84
=> 6407 [10, 30, 6, 4, 22, 5, 4, 3] 5.5 84
=> 6307 [10, 30, 6, 4, 22, 5, 4, 3] 5.5 84
=> 6073 [8, 26, 5, 6, 22, 6, 8, 2, 1] 6 84
=> 6703 [10, 30, 6, 4, 20, 5, 6, 2, 1] 6 84
=> 4670 [10, 32, 6, 4, 18, 6, 6, 1, 1] 6 84
=> 6375 [10, 32, 6, 4, 18, 6, 6, 1, 1] 6 84
=> 6457 [10, 32, 6, 4, 18, 6, 6, 1, 1] 6 84
=> 6207 [10, 30, 6, 4, 22, 5, 4, 3] 5.5 84
=> 6751 [10, 30, 6, 4, 20, 5, 6, 2, 1] 6 84
=> 1675 [10, 30, 6, 4, 22, 5, 4, 3] 5.5 84
=> 0675 [10, 30, 6, 4, 22, 5, 4, 3] 5.5 84
=========================
guess: 1567; b c: 0 2
=> 7560 [24, 18, 2] 18 44
=> 4826 [11, 16, 6, 6, 4, 1] 6.0 44
=> 8604 [8, 11, 4, 3, 8, 4, 3, 2, 1] 4 44
=> 8701 [7, 11, 5, 4, 8, 3, 3, 2, 1] 4 44
=> 8720 [8, 11, 4, 3, 8, 4, 3, 2, 1] 4 44
=> 1708 [7, 12, 4, 4, 7, 5, 3, 1, 1] 4 44
=> 6805 [6, 8, 4, 3, 9, 2, 2, 3, 4, 2, 1] 3 44
=========================
guess: 2086; b c: 3 0
=> 5086 [1] 1 1
=========================
guess: 5086; b c: 4 0
Won in 6!
